<?xml version="1.0" encoding="UTF-8"?>
<!-- Generated by org.testng.reporters.JUnitReportReporter -->
<testsuite skipped="0" hostname="DESKTOP-K5O1RF8" name="com.application2.SummerDressTest" tests="2" failures="0" timestamp="08 Oct 2018 12:26:29 GMT" time="41.332" errors="0">
  <testcase name="reduceprice" time="20.661" classname="com.application2.SummerDressTest"/>
  <testcase name="selectAtoZ" time="20.671" classname="com.application2.SummerDressTest"/>
</testsuite> <!-- com.application2.SummerDressTest -->
