<?xml version="1.0" encoding="UTF-8"?>
<!-- Generated by org.testng.reporters.JUnitReportReporter -->
<testsuite skipped="1" hostname="DESKTOP-K5O1RF8" name="com.application2.AutomationPracticeTestPage" tests="10" failures="0" timestamp="08 Oct 2018 09:18:28 GMT" time="26.792" errors="0">
  <testcase name="clicksummerdresslink" time="6.448" classname="com.application2.AutomationPracticeTestPage"/>
  <testcase name="verifydresstab" time="0.060" classname="com.application2.AutomationPracticeTestPage"/>
  <testcase name="randomemailaddress" time="6.197" classname="com.application2.AutomationPracticeTestPage"/>
  <testcase name="verifydresstabclick" time="4.568" classname="com.application2.AutomationPracticeTestPage"/>
  <testcase name="verifywomentab" time="0.049" classname="com.application2.AutomationPracticeTestPage"/>
  <testcase name="verifyAddToCart" time="0.680" classname="com.application2.AutomationPracticeTestPage"/>
  <testcase name="verifytshirts" time="0.088" classname="com.application2.AutomationPracticeTestPage"/>
  <testcase name="verifywomentabclick" time="5.235" classname="com.application2.AutomationPracticeTestPage"/>
  <testcase name="verifytshirtstabclick" time="3.467" classname="com.application2.AutomationPracticeTestPage"/>
  <testcase name="verifynewsletter" classname="com.application2.AutomationPracticeTestPage">
    <skipped/>
  </testcase> <!-- verifynewsletter -->
</testsuite> <!-- com.application2.AutomationPracticeTestPage -->
