<?xml version="1.0" encoding="UTF-8"?>
<!-- Generated by org.testng.reporters.JUnitReportReporter -->
<testsuite skipped="0" hostname="DESKTOP-K5O1RF8" name="com.application2.DataDrivenExcel" tests="1" failures="0" timestamp="17 Sep 2018 06:10:29 GMT" time="0.700" errors="0">
  <testcase name="readfromExcel" time="0.700" classname="com.application2.DataDrivenExcel"/>
</testsuite> <!-- com.application2.DataDrivenExcel -->
