<?xml version="1.0" encoding="UTF-8"?>
<!-- Generated by org.testng.reporters.JUnitReportReporter -->
<testsuite skipped="0" hostname="DESKTOP-K5O1RF8" name="com.application2.SummerDressTest" tests="1" failures="0" timestamp="08 Oct 2018 09:18:28 GMT" time="20.786" errors="0">
  <testcase name="selectAtoZ" time="20.786" classname="com.application2.SummerDressTest"/>
</testsuite> <!-- com.application2.SummerDressTest -->
