<?xml version="1.0" encoding="UTF-8"?>
<!-- Generated by org.testng.reporters.JUnitReportReporter -->
<testsuite skipped="0" hostname="DESKTOP-K5O1RF8" name="application2.DressPageTest" tests="3" failures="0" timestamp="16 Sep 2018 06:09:34 GMT" time="20.350" errors="0">
  <testcase name="clickdresstab" time="14.540" classname="application2.DressPageTest"/>
  <testcase name="verifynumberofproducts" time="4.591" classname="application2.DressPageTest"/>
  <testcase name="verifyfirstProductisaddedtocart" time="1.219" classname="application2.DressPageTest"/>
</testsuite> <!-- application2.DressPageTest -->
