<?xml version="1.0" encoding="UTF-8"?>
<!-- Generated by org.testng.reporters.JUnitReportReporter -->
<testsuite skipped="1" hostname="DESKTOP-K5O1RF8" name="com.application2.AutomationPracticeTestPage" tests="10" failures="0" timestamp="08 Oct 2018 12:26:29 GMT" time="26.517" errors="0">
  <testcase name="clicksummerdresslink" time="7.343" classname="com.application2.AutomationPracticeTestPage"/>
  <testcase name="verifytshirts" time="0.054" classname="com.application2.AutomationPracticeTestPage"/>
  <testcase name="verifyAddToCart" time="1.417" classname="com.application2.AutomationPracticeTestPage"/>
  <testcase name="verifytshirtstabclick" time="3.038" classname="com.application2.AutomationPracticeTestPage"/>
  <testcase name="verifywomentabclick" time="3.820" classname="com.application2.AutomationPracticeTestPage"/>
  <testcase name="verifywomentab" time="0.096" classname="com.application2.AutomationPracticeTestPage"/>
  <testcase name="verifydresstab" time="0.070" classname="com.application2.AutomationPracticeTestPage"/>
  <testcase name="randomemailaddress" time="6.715" classname="com.application2.AutomationPracticeTestPage"/>
  <testcase name="verifydresstabclick" time="3.964" classname="com.application2.AutomationPracticeTestPage"/>
  <testcase name="verifynewsletter" classname="com.application2.AutomationPracticeTestPage">
    <skipped/>
  </testcase> <!-- verifynewsletter -->
</testsuite> <!-- com.application2.AutomationPracticeTestPage -->
