<?xml version="1.0" encoding="UTF-8"?>
<!-- Generated by org.testng.reporters.JUnitReportReporter -->
<testsuite skipped="0" hostname="DESKTOP-K5O1RF8" name="com.application2.ReadWriteDataFromExcel" tests="2" failures="0" timestamp="19 Sep 2018 13:19:52 GMT" time="2.444" errors="0">
  <testcase name="writetoexcel" time="0.178" classname="com.application2.ReadWriteDataFromExcel"/>
  <testcase name="readFromExcel" time="2.266" classname="com.application2.ReadWriteDataFromExcel"/>
</testsuite> <!-- com.application2.ReadWriteDataFromExcel -->
