<?xml version="1.0" encoding="UTF-8"?>
<!-- Generated by org.testng.reporters.JUnitReportReporter -->
<testsuite skipped="1" hostname="DESKTOP-K5O1RF8" name="com.application2.AutomationPracticeTestPage" tests="11" failures="0" timestamp="26 Sep 2018 05:16:01 GMT" time="40.128" errors="0">
  <testcase name="verifytshirts" time="0.068" classname="com.application2.AutomationPracticeTestPage"/>
  <testcase name="randomemailaddress" time="8.848" classname="com.application2.AutomationPracticeTestPage"/>
  <testcase name="verifydresstabclick" time="6.092" classname="com.application2.AutomationPracticeTestPage"/>
  <testcase name="verifywomentabclick" time="6.042" classname="com.application2.AutomationPracticeTestPage"/>
  <testcase name="verifywomentab" time="0.072" classname="com.application2.AutomationPracticeTestPage"/>
  <testcase name="checkAddToCart" time="2.215" classname="com.application2.AutomationPracticeTestPage"/>
  <testcase name="verifyAddToCart" time="1.116" classname="com.application2.AutomationPracticeTestPage"/>
  <testcase name="clicksummerdresslink" time="10.170" classname="com.application2.AutomationPracticeTestPage"/>
  <testcase name="verifydresstab" time="0.075" classname="com.application2.AutomationPracticeTestPage"/>
  <testcase name="verifytshirtstabclick" time="5.430" classname="com.application2.AutomationPracticeTestPage"/>
  <testcase name="verifynewsletter" classname="com.application2.AutomationPracticeTestPage">
    <skipped/>
  </testcase> <!-- verifynewsletter -->
</testsuite> <!-- com.application2.AutomationPracticeTestPage -->
